<?xml version="1.0" encoding="utf-8"?><testsuites name="pytest tests"><testsuite name="pytest" errors="0" failures="0" skipped="0" tests="7" time="4.036" timestamp="2026-09-01T18:17:47.478425+00:00" hostname="agent-env-cff8a7f4-c228-4a93-8a60-3efe2b48e782"><testcase classname="backend.tests.test_canonical_sync.TestCanonicalSync" name="test_reseq_logo_synced" time="3.256" /><testcase classname="backend.tests.test_canonical_sync.TestCanonicalSync" name="test_reseq_order_synced" time="0.221" /><testcase classname="backend.tests.test_canonical_sync.TestCanonicalSync" name="test_reseq_featured_synced" time="0.250" /><testcase classname="backend.tests.test_canonical_sync.TestCanonicalSync" name="test_vector_logo_synced" time="0.154" /><testcase classname="backend.tests.test_canonical_sync.TestCanonicalSync" name="test_reseq_non_canonical_admin_edits_survive" time="0.001" /><testcase classname="backend.tests.test_canonical_sync.TestCanonicalSync" name="test_other_vendors_unaffected" time="0.004" /><testcase classname="backend.tests.test_canonical_sync" name="test_cleanup_restore_non_canonical" time="0.002" /></testsuite></testsuites>