<?xml version="1.0" encoding="utf-8"?><testsuites name="pytest tests"><testsuite name="pytest" errors="0" failures="0" skipped="0" tests="5" time="19.738" timestamp="2026-08-04T19:12:24.553929+00:00" hostname="agent-env-cff8a7f4-c228-4a93-8a60-3efe2b48e782"><testcase classname="backend.tests.test_deleted_seeds" name="test_erica_not_present" time="0.394" /><testcase classname="backend.tests.test_deleted_seeds" name="test_erica_stays_absent_after_restart" time="6.123" /><testcase classname="backend.tests.test_deleted_seeds" name="test_create_delete_erica_stays_gone_after_restart" time="6.658" /><testcase classname="backend.tests.test_deleted_seeds" name="test_other_seeds_still_present" time="0.146" /><testcase classname="backend.tests.test_deleted_seeds" name="test_generic_seed_delete_persists_and_restore" time="6.350" /></testsuite></testsuites>