<?xml version="1.0" encoding="utf-8"?><testsuites name="pytest tests"><testsuite name="pytest" errors="0" failures="0" skipped="0" tests="5" time="3.053" timestamp="2026-08-27T18:44:54.130341+00:00" hostname="agent-env-cff8a7f4-c228-4a93-8a60-3efe2b48e782"><testcase classname="tests.test_iter16" name="test_settings_has_hero_fields" time="0.504" /><testcase classname="tests.test_iter16" name="test_settings_update_hero_persists" time="1.278" /><testcase classname="tests.test_iter16" name="test_reviews_public_lists_seeded" time="0.257" /><testcase classname="tests.test_iter16" name="test_review_admin_crud" time="0.712" /><testcase classname="tests.test_iter16" name="test_new_vendors_and_reseq_logo" time="0.242" /></testsuite></testsuites>