<?xml version="1.0" encoding="utf-8"?><testsuites name="pytest tests"><testsuite name="pytest" errors="0" failures="0" skipped="0" tests="8" time="3.345" timestamp="2026-08-27T19:20:16.209088+00:00" hostname="agent-env-cff8a7f4-c228-4a93-8a60-3efe2b48e782"><testcase classname="backend.tests.test_subscribers_and_settings.TestSubscribers" name="test_create_subscriber" time="0.799" /><testcase classname="backend.tests.test_subscribers_and_settings.TestSubscribers" name="test_invalid_email" time="0.234" /><testcase classname="backend.tests.test_subscribers_and_settings.TestSubscribers" name="test_list_requires_auth" time="0.163" /><testcase classname="backend.tests.test_subscribers_and_settings.TestSubscribers" name="test_list_returns_created" time="0.619" /><testcase classname="backend.tests.test_subscribers_and_settings.TestSubscribers" name="test_export_csv" time="0.203" /><testcase classname="backend.tests.test_subscribers_and_settings.TestSubscribers" name="test_delete_subscriber" time="0.311" /><testcase classname="backend.tests.test_subscribers_and_settings.TestSettings" name="test_get_settings_has_new_keys" time="0.223" /><testcase classname="backend.tests.test_subscribers_and_settings.TestSettings" name="test_put_settings_merges" time="0.717" /></testsuite></testsuites>