<?xml version="1.0" encoding="utf-8"?><testsuites name="pytest tests"><testsuite name="pytest" errors="0" failures="0" skipped="0" tests="5" time="1.575" timestamp="2026-07-10T02:41:20.480452+00:00" hostname="agent-env-cff8a7f4-c228-4a93-8a60-3efe2b48e782"><testcase classname="backend.tests.test_settings_community_bar.TestSettingsPublic" name="test_get_settings_returns_all_community_bar_fields" time="0.175" /><testcase classname="backend.tests.test_settings_community_bar.TestSettingsPublic" name="test_default_price_is_three_dollar_one_time" time="0.099" /><testcase classname="backend.tests.test_settings_community_bar.TestSettingsUpdate" name="test_put_requires_auth" time="0.100" /><testcase classname="backend.tests.test_settings_community_bar.TestSettingsUpdate" name="test_update_and_persist_price" time="0.717" /><testcase classname="backend.tests.test_settings_community_bar.TestSettingsUpdate" name="test_toggle_community_bar_enabled" time="0.418" /></testsuite></testsuites>