<?xml version="1.0" encoding="utf-8"?><testsuites name="pytest tests"><testsuite name="pytest" errors="0" failures="0" skipped="0" tests="4" time="2.120" timestamp="2026-08-27T20:09:52.354844+00:00" hostname="agent-env-cff8a7f4-c228-4a93-8a60-3efe2b48e782"><testcase classname="backend.tests.test_meet_and_vendors" name="test_settings_home_meet_title_empty" time="1.310" /><testcase classname="backend.tests.test_meet_and_vendors" name="test_vendors_new_three_present" time="0.200" /><testcase classname="backend.tests.test_meet_and_vendors" name="test_vendors_regression_existing_seeds" time="0.221" /><testcase classname="backend.tests.test_meet_and_vendors" name="test_vendors_reseq_featured_and_categorization" time="0.327" /></testsuite></testsuites>