<?xml version="1.0" encoding="utf-8"?><testsuites name="pytest tests"><testsuite name="pytest" errors="0" failures="0" skipped="0" tests="6" time="3.919" timestamp="2026-08-27T18:04:33.049206+00:00" hostname="agent-env-cff8a7f4-c228-4a93-8a60-3efe2b48e782"><testcase classname="backend.tests.test_reviews" name="test_public_list_reviews_returns_seeded" time="0.376" /><testcase classname="backend.tests.test_reviews" name="test_reviews_all_requires_auth" time="0.285" /><testcase classname="backend.tests.test_reviews" name="test_create_requires_auth" time="0.732" /><testcase classname="backend.tests.test_reviews" name="test_update_requires_auth" time="0.279" /><testcase classname="backend.tests.test_reviews" name="test_delete_requires_auth" time="0.167" /><testcase classname="backend.tests.test_reviews" name="test_admin_crud_review" time="2.000" /></testsuite></testsuites>