<?xml version="1.0" encoding="utf-8"?><testsuites name="pytest tests"><testsuite name="pytest" errors="0" failures="0" skipped="0" tests="3" time="9.445" timestamp="2026-08-04T19:28:49.966690+00:00" hostname="agent-env-cff8a7f4-c228-4a93-8a60-3efe2b48e782"><testcase classname="backend.tests.test_vendor_tombstone" name="test_delete_vendor_persists_after_restart" time="7.833" /><testcase classname="backend.tests.test_vendor_tombstone" name="test_delete_vendor_cascades_to_prices_and_promotions" time="1.301" /><testcase classname="backend.tests.test_vendor_tombstone" name="test_real_seeded_vendors_intact" time="0.254" /></testsuite></testsuites>