<?xml version="1.0" encoding="utf-8"?><testsuites name="pytest tests"><testsuite name="pytest" errors="0" failures="1" skipped="0" tests="7" time="2.947" timestamp="2026-08-04T17:40:19.947710+00:00" hostname="agent-env-cff8a7f4-c228-4a93-8a60-3efe2b48e782"><testcase classname="backend.tests.test_vendor_reorder.TestVendorListing" name="test_public_vendors_sorted_by_order" time="0.497" /><testcase classname="backend.tests.test_vendor_reorder.TestVendorListing" name="test_admin_vendors_have_login_config_key" time="0.484" /><testcase classname="backend.tests.test_vendor_reorder.TestVendorReorder" name="test_reorder_endpoint" time="0.784" /><testcase classname="backend.tests.test_vendor_reorder.TestVendorReorder" name="test_reorder_requires_auth" time="0.123" /><testcase classname="backend.tests.test_vendor_reorder.TestVendorCreationAppendsToBottom" name="test_create_vendor_gets_highest_order" time="0.287"><failure message="AssertionError: {&quot;detail&quot;:[{&quot;type&quot;:&quot;missing&quot;,&quot;loc&quot;:[&quot;body&quot;,&quot;affiliate_url&quot;],&quot;msg&quot;:&quot;Field required&quot;,&quot;input&quot;:{&quot;name&quot;:&quot;ZZTestVendor&quot;,&quot;slug&quot;:&quot;zztestvendor&quot;,&quot;url&quot;:&quot;https://example.com&quot;,&quot;featured&quot;:false},&quot;url&quot;:&quot;https://errors.pydantic.dev/2.13/v/missing&quot;}]}&#10;assert 422 == 200&#10; +  where 422 = &lt;Response [422]&gt;.status_code">backend/tests/test_vendor_reorder.py:86: in test_create_vendor_gets_highest_order
    assert r.status_code == 200, r.text
E   AssertionError: {"detail":[{"type":"missing","loc":["body","affiliate_url"],"msg":"Field required","input":{"name":"ZZTestVendor","slug":"zztestvendor","url":"https://example.com","featured":false},"url":"https://errors.pydantic.dev/2.13/v/missing"}]}
E   assert 422 == 200
E    +  where 422 = &lt;Response [422]&gt;.status_code</failure></testcase><testcase classname="backend.tests.test_vendor_reorder.TestPromotions" name="test_active_promotions_endpoint" time="0.187" /><testcase classname="backend.tests.test_vendor_reorder.TestPromotions" name="test_create_and_display_promotion" time="0.490" /></testsuite></testsuites>